{"/Users/yurtsevero/Desktop/search-service/src/config/env.ts": {"path":"/Users/yurtsevero/Desktop/search-service/src/config/env.ts","statementMap":{"0":{"start":{"line":4,"column":13},"end":{"line":11,"column":2}}},"fnMap":{},"branchMap":{"0":{"loc":{"start":{"line":5,"column":8},"end":{"line":5,"column":32}},"type":"binary-expr","locations":[{"start":{"line":5,"column":8},"end":{"line":5,"column":24}},{"start":{"line":5,"column":28},"end":{"line":5,"column":32}}]}},"s":{"0":2},"f":{},"b":{"0":[2,2]}}
,"/Users/yurtsevero/Desktop/search-service/src/dynamodb/client.ts": {"path":"/Users/yurtsevero/Desktop/search-service/src/dynamodb/client.ts","statementMap":{"0":{"start":{"line":1,"column":0},"end":{"line":1,"column":58}},"1":{"start":{"line":2,"column":0},"end":{"line":2,"column":63}},"2":{"start":{"line":3,"column":0},"end":{"line":3,"column":39}},"3":{"start":{"line":5,"column":15},"end":{"line":5,"column":63}},"4":{"start":{"line":6,"column":13},"end":{"line":6,"column":55}}},"fnMap":{},"branchMap":{},"s":{"0":1,"1":1,"2":1,"3":1,"4":1},"f":{},"b":{}}
,"/Users/yurtsevero/Desktop/search-service/src/dynamodb/search.ts": {"path":"/Users/yurtsevero/Desktop/search-service/src/dynamodb/search.ts","statementMap":{"0":{"start":{"line":5,"column":0},"end":{"line":5,"column":22}},"1":{"start":{"line":1,"column":0},"end":{"line":1,"column":31}},"2":{"start":{"line":2,"column":0},"end":{"line":2,"column":52}},"3":{"start":{"line":3,"column":0},"end":{"line":3,"column":39}},"4":{"start":{"line":6,"column":20},"end":{"line":6,"column":77}},"5":{"start":{"line":8,"column":18},"end":{"line":13,"column":4}},"6":{"start":{"line":15,"column":17},"end":{"line":15,"column":40}},"7":{"start":{"line":16,"column":2},"end":{"line":16,"column":55}}},"fnMap":{"0":{"name":"searchDynamo","decl":{"start":{"line":5,"column":22},"end":{"line":5,"column":34}},"loc":{"start":{"line":5,"column":62},"end":{"line":17,"column":null}}}},"branchMap":{"0":{"loc":{"start":{"line":6,"column":20},"end":{"line":6,"column":77}},"type":"cond-expr","locations":[{"start":{"line":6,"column":39},"end":{"line":6,"column":56}},{"start":{"line":6,"column":59},"end":{"line":6,"column":77}}]},"1":{"loc":{"start":{"line":16,"column":9},"end":{"line":16,"column":54}},"type":"cond-expr","locations":[{"start":{"line":16,"column":32},"end":{"line":16,"column":47}},{"start":{"line":16,"column":50},"end":{"line":16,"column":54}}]},"2":{"loc":{"start":{"line":16,"column":9},"end":{"line":16,"column":29}},"type":"cond-expr","locations":[{"start":{"line":16,"column":21},"end":{"line":16,"column":23}},{"start":{"line":16,"column":21},"end":{"line":16,"column":29}}]},"3":{"loc":{"start":{"line":16,"column":9},"end":{"line":16,"column":23}},"type":"binary-expr","locations":[{"start":{"line":16,"column":9},"end":{"line":16,"column":23}},{"start":{"line":16,"column":21},"end":{"line":16,"column":23}}]}},"s":{"0":1,"1":1,"2":1,"3":1,"4":0,"5":0,"6":0,"7":0},"f":{"0":0},"b":{"0":[0,0],"1":[0,0],"2":[0,0],"3":[0,0]}}
,"/Users/yurtsevero/Desktop/search-service/src/omdb/search.ts": {"path":"/Users/yurtsevero/Desktop/search-service/src/omdb/search.ts","statementMap":{"0":{"start":{"line":4,"column":0},"end":{"line":4,"column":22}},"1":{"start":{"line":1,"column":0},"end":{"line":1,"column":26}},"2":{"start":{"line":2,"column":0},"end":{"line":2,"column":39}},"3":{"start":{"line":5,"column":17},"end":{"line":10,"column":4}},"4":{"start":{"line":12,"column":19},"end":{"line":12,"column":66}},"5":{"start":{"line":13,"column":2},"end":{"line":13,"column":23}}},"fnMap":{"0":{"name":"searchOmdb","decl":{"start":{"line":4,"column":22},"end":{"line":4,"column":32}},"loc":{"start":{"line":4,"column":60},"end":{"line":14,"column":null}}}},"branchMap":{},"s":{"0":1,"1":1,"2":1,"3":0,"4":0,"5":0},"f":{"0":0},"b":{}}
,"/Users/yurtsevero/Desktop/search-service/src/service/searchService.ts": {"path":"/Users/yurtsevero/Desktop/search-service/src/service/searchService.ts","statementMap":{"0":{"start":{"line":4,"column":0},"end":{"line":4,"column":22}},"1":{"start":{"line":1,"column":0},"end":{"line":1,"column":50}},"2":{"start":{"line":2,"column":0},"end":{"line":2,"column":44}},"3":{"start":{"line":5,"column":26},"end":{"line":5,"column":45}},"4":{"start":{"line":6,"column":23},"end":{"line":6,"column":64}},"5":{"start":{"line":7,"column":2},"end":{"line":7,"column":70}},"6":{"start":{"line":7,"column":20},"end":{"line":7,"column":70}},"7":{"start":{"line":9,"column":21},"end":{"line":9,"column":60}},"8":{"start":{"line":10,"column":2},"end":{"line":10,"column":46}}},"fnMap":{"0":{"name":"search","decl":{"start":{"line":4,"column":22},"end":{"line":4,"column":28}},"loc":{"start":{"line":4,"column":68},"end":{"line":11,"column":null}}}},"branchMap":{"0":{"loc":{"start":{"line":7,"column":2},"end":{"line":7,"column":70}},"type":"if","locations":[{"start":{"line":7,"column":2},"end":{"line":7,"column":70}},{"start":{},"end":{}}]}},"s":{"0":1,"1":1,"2":1,"3":2,"4":2,"5":2,"6":1,"7":1,"8":1},"f":{"0":2},"b":{"0":[1,1]}}
}
