TN:
SF:src/config/env.ts
FNF:0
FNH:0
DA:4,2
LF:1
LH:1
BRDA:5,0,0,2
BRDA:5,0,1,2
BRF:2
BRH:2
end_of_record
TN:
SF:src/dynamodb/client.ts
FNF:0
FNH:0
DA:1,1
DA:2,1
DA:3,1
DA:5,1
DA:6,1
LF:5
LH:5
BRF:0
BRH:0
end_of_record
TN:
SF:src/dynamodb/search.ts
FN:5,searchDynamo
FNF:1
FNH:0
FNDA:0,searchDynamo
DA:1,1
DA:2,1
DA:3,1
DA:5,1
DA:6,0
DA:8,0
DA:15,0
DA:16,0
LF:8
LH:4
BRDA:6,0,0,0
BRDA:6,0,1,0
BRDA:16,1,0,0
BRDA:16,1,1,0
BRDA:16,2,0,0
BRDA:16,2,1,0
BRDA:16,3,0,0
BRDA:16,3,1,0
BRF:8
BRH:0
end_of_record
TN:
SF:src/omdb/search.ts
FN:4,searchOmdb
FNF:1
FNH:0
FNDA:0,searchOmdb
DA:1,1
DA:2,1
DA:4,1
DA:5,0
DA:12,0
DA:13,0
LF:6
LH:3
BRF:0
BRH:0
end_of_record
TN:
SF:src/service/searchService.ts
FN:4,search
FNF:1
FNH:1
FNDA:2,search
DA:1,1
DA:2,1
DA:4,1
DA:5,2
DA:6,2
DA:7,2
DA:9,1
DA:10,1
LF:8
LH:8
BRDA:7,0,0,1
BRDA:7,0,1,1
BRF:2
BRH:2
end_of_record
